<?xml version="1.0" encoding="UTF-8"?>
<!DOCTYPE properties SYSTEM "http://java.sun.com/dtd/properties.dtd">
<properties version="1.0">
    <comment>Sample test run arguments</comment>
    <entry key="iut">https://raw.githubusercontent.com/opengeospatial/ets-georss10/master/src/test/resources/point_georss.xml</entry>
    <entry key="ics">Simple,GeoRSSGML</entry>
</properties>
